commit 939be9d665325b500c08d84fce12ce134f13f5bd
Author: qqiumax <maxqqqq@hotmail.com>
Date:   Sat Apr 22 20:29:23 2023 +0800

    1.0p23w04b

commit 9d1e8585412b9a8c7b409804e2cbdb4bd064a583
Author: qqiumax <maxqqqq@hotmail.com>
Date:   Fri Apr 21 20:43:25 2023 +0800

    Test
    
    Signed-off-by: qqiumax <maxqqqq@hotmail.com>

commit c4bf6d08ea0bdeffaaf898aa0b01797b2d1981cb
Author: qqiumax <maxqqqq@hotmail.com>
Date:   Sat Oct 1 10:10:36 2022 +0800

    new lesson
    
    Signed-off-by: qqiumax <maxqqqq@hotmail.com>

commit 86563b74b6acd235ca36f2cc003f674a5ee1f686
Author: qqiumax <maxqqqq@hotmail.com>
Date:   Fri Sep 30 20:09:18 2022 +0800

    new lesson
    
    Signed-off-by: qqiumax <maxqqqq@hotmail.com>

commit 6a2fc9f498f26c80cb0d64d3e791c950019663a5
Author: qqiumax <maxqqqq@hotmail.com>
Date:   Fri Sep 30 20:02:30 2022 +0800

    new lesson
    
    Signed-off-by: qqiumax <maxqqqq@hotmail.com>

commit 878184e5fb7eb44130f89c9735209dae0a603180
Author: qqiumax <maxqqqq@hotmail.com>
Date:   Fri Sep 30 19:15:17 2022 +0800

    kelly removal
    
    Signed-off-by: qqiumax <maxqqqq@hotmail.com>

commit f780845c85d26a3aaa97175679872101c0932eb4
Author: qqiumax <maxqqqq@hotmail.com>
Date:   Sat Sep 3 12:00:23 2022 +0800

    google verification
    
    Signed-off-by: qqiumax <maxqqqq@hotmail.com>

commit 37d40dedfedd216e90754e66e20a093ed14564ea
Author: Max Qiu <maxqqqq@hotmail.com>
Date:   Tue Jul 12 22:04:30 2022 +0800

    Update README.md
    
    Signed-off-by: Max Qiu <maxqqqq@hotmail.com>

commit dd0998c84821f37d9e55b755465742b68036abbf
Merge: 292d7ce 8de030a
Author: Max Qiu <maxqqqq@hotmail.com>
Date:   Tue Jul 12 22:03:10 2022 +0800

    Merge pull request #8 from qqiumax/fork
    
    Fork

commit 8de030a779bf5b3f054d3ac82d18836887913ac8
Merge: 69846de 5fffadb
Author: Max Qiu <maxqqqq@hotmail.com>
Date:   Tue Jul 12 22:01:48 2022 +0800

    Merge pull request #7 from michaelliu1210/main
    
    Update my branch in your repo

commit 5fffadbe4092e91e5c15f138549e1967952e5da4
Merge: 1d2c2f0 5cad790
Author: michaelliu1210 <104439972+michaelliu1210@users.noreply.github.com>
Date:   Tue Jul 12 14:52:36 2022 +0800

    Merge pull request #4 from michaelliu1210/michaelliu1210-patch-1
    
    Update README.md

commit 5cad790333f5b0144904669d5d0f4bcb6e6605df
Author: michaelliu1210 <104439972+michaelliu1210@users.noreply.github.com>
Date:   Tue Jul 12 14:52:06 2022 +0800

    Update README.md
    
    Signed-off-by: michaelliu1210 <104439972+michaelliu1210@users.noreply.github.com>

commit 1d2c2f0e62a9cb673bdbc7701013e8462d93d04f
Author: michaelliu1210 <104439972+michaelliu1210@users.noreply.github.com>
Date:   Tue Jul 12 14:51:38 2022 +0800

    Update README.md
    
    Signed-off-by: michaelliu1210 <104439972+michaelliu1210@users.noreply.github.com>

commit 0404e0dbdb158d70920dbf0f08330079a8d94fa6
Author: michaelliu1210 <104439972+michaelliu1210@users.noreply.github.com>
Date:   Tue Jul 12 14:51:16 2022 +0800

    Update README.md
    
    Signed-off-by: michaelliu1210 <104439972+michaelliu1210@users.noreply.github.com>

commit 4165671b8522bcee1fc9d0ea4d94b622f1cae598
Author: michaelliu1210 <104439972+michaelliu1210@users.noreply.github.com>
Date:   Tue Jul 12 14:50:39 2022 +0800

    Update README.md
    
    Signed-off-by: michaelliu1210 <104439972+michaelliu1210@users.noreply.github.com>

commit 5f6049d327cef988fb1149fc1b37cf08eda83e6a
Author: michaelliu1210 <104439972+michaelliu1210@users.noreply.github.com>
Date:   Tue Jul 12 14:50:05 2022 +0800

    Update README.md
    
    Signed-off-by: michaelliu1210 <104439972+michaelliu1210@users.noreply.github.com>

commit d40f2178e9876f8c6b710ed462a4521ade817dae
Author: michaelliu1210 <104439972+michaelliu1210@users.noreply.github.com>
Date:   Tue Jul 12 14:49:45 2022 +0800

    Update README.md
    
    Signed-off-by: michaelliu1210 <104439972+michaelliu1210@users.noreply.github.com>

commit a20d15af2f5e3ee2146354b838f786beff6eef57
Merge: 8821421 292d7ce
Author: michaelliu1210 <104439972+michaelliu1210@users.noreply.github.com>
Date:   Tue Jul 12 13:32:09 2022 +0800

    Merge pull request #3 from qqiumax/main
    
    bigfix

commit 292d7cee62d4018be11bff9e1ab6a5042b66280c
Author: qqiumax <maxqqqq@hotmail.com>
Date:   Mon Jul 11 22:10:46 2022 +0800

    bigfix
    
    Signed-off-by: qqiumax <maxqqqq@hotmail.com>

commit 882142148dc3582aed6afe617f36c1279f2695cc
Merge: 0cb86d0 66d9b56
Author: michaelliu1210 <104439972+michaelliu1210@users.noreply.github.com>
Date:   Mon Jul 11 19:11:22 2022 +0800

    Merge pull request #1 from qqiumax/main
    
    tryna update your fork

commit 69846de309f45d5372245a7ad4b7cc8c61559e7b
Merge: 0cb86d0 66d9b56
Author: Max Qiu <maxqqqq@hotmail.com>
Date:   Mon Jul 11 13:57:49 2022 +0800

    Merge pull request #5 from qqiumax/main
    
    What does this button do?

commit 66d9b56e979c21b399899972c5d310fc9f818e12
Author: Max Qiu <maxqqqq@hotmail.com>
Date:   Sat Jul 9 15:58:18 2022 +0800

    Update LICENSE
    
    Signed-off-by: Max Qiu <maxqqqq@hotmail.com>

commit c56ac1c04d88e8330862ca2ec3dfc85d61934d42
Author: qqiumax <maxqqqq@hotmail.com>
Date:   Sat Jul 9 12:38:19 2022 +0800

    bugfix
    
    Signed-off-by: qqiumax <maxqqqq@hotmail.com>

commit 0cb86d0ed5f1446d5861ba5e57f885b1c5cc19cb
Author: qqiumax <maxqqqq@hotmail.com>
Date:   Thu Jul 7 18:05:47 2022 +0800

    update ALT
    
    Signed-off-by: qqiumax <maxqqqq@hotmail.com>

commit 0114ce924f6634860dc32e816b814f44ad407753
Author: qqiumax <maxqqqq@hotmail.com>
Date:   Thu Jul 7 16:16:01 2022 +0800

    new blog
    
    Signed-off-by: qqiumax <maxqqqq@hotmail.com>

commit f35993cb2dea81d0b45fb08e7002b8c3ec7f0535
Author: qqiumax <maxqqqq@hotmail.com>
Date:   Thu Jul 7 11:14:39 2022 +0800

    new blog
    
    Signed-off-by: qqiumax <maxqqqq@hotmail.com>

commit 3561c61633fbdfe183e8225e97383bf7ee3b3940
Author: qqiumax <maxqqqq@hotmail.com>
Date:   Thu Jul 7 10:54:09 2022 +0800

    new blog
    
    Signed-off-by: qqiumax <maxqqqq@hotmail.com>

commit 16417cd451dc68cb3c390cc199e312a3949ad903
Author: qqiumax <maxqqqq@hotmail.com>
Date:   Thu Jul 7 10:53:53 2022 +0800

    new blog
    
    Signed-off-by: qqiumax <maxqqqq@hotmail.com>

commit 059c4e48710067770b2cc8969b3d83733c7c0a23
Author: qqiumax <maxqqqq@hotmail.com>
Date:   Tue Jul 5 20:53:09 2022 +0800

    new blog
    
    Signed-off-by: qqiumax <maxqqqq@hotmail.com>

commit 6f09a84627e680bb4587f90680eba6562571a70d
Author: qqiumax <maxqqqq@hotmail.com>
Date:   Tue Jul 5 15:22:30 2022 +0800

    new blog
    
    Signed-off-by: qqiumax <maxqqqq@hotmail.com>

commit b54f1d8fe3ec58a1a06d53730fdf612899a447d7
Author: qqiumax <maxqqqq@hotmail.com>
Date:   Tue Jul 5 15:18:48 2022 +0800

    new blog
    
    Signed-off-by: qqiumax <maxqqqq@hotmail.com>

commit 4f59d27a05669b309283d00128a5cb98ca3cce2e
Author: qqiumax <maxqqqq@hotmail.com>
Date:   Tue Jul 5 15:07:01 2022 +0800

    new blog
    
    Signed-off-by: qqiumax <maxqqqq@hotmail.com>

commit ea7d89646d38d84aadea20f08406f47757374cda
Author: qqiumax <maxqqqq@hotmail.com>
Date:   Tue Jul 5 13:58:59 2022 +0800

    new blog
    
    Signed-off-by: qqiumax <maxqqqq@hotmail.com>

commit c96a1f87d25bc61be1b36c2c922b45570b009946
Author: qqiumax <maxqqqq@hotmail.com>
Date:   Tue Jul 5 13:57:14 2022 +0800

    new blog
    
    Signed-off-by: qqiumax <maxqqqq@hotmail.com>

commit 77d7157fa30f062cb8999fc95f38682938444974
Author: qqiumax <maxqqqq@hotmail.com>
Date:   Mon Jul 4 11:33:51 2022 +0800

    chess
    
    Signed-off-by: qqiumax <maxqqqq@hotmail.com>

commit 8f94fd84726ee412d629f75675558b2d5717a7d9
Author: qqiumax <maxqqqq@hotmail.com>
Date:   Mon Jul 4 11:26:35 2022 +0800

    chess
    
    Signed-off-by: qqiumax <maxqqqq@hotmail.com>

commit e50acfd8b647ab17d6ba00bc53eb68bc15f7397a
Author: qqiumax <maxqqqq@hotmail.com>
Date:   Mon Jul 4 11:13:40 2022 +0800

    chess
    
    Signed-off-by: qqiumax <maxqqqq@hotmail.com>

commit 155b2eb64d773d1200b54e35271689a63c6620e4
Author: qqiumax <maxqqqq@hotmail.com>
Date:   Fri Jul 1 14:28:28 2022 +0800

    new weidio
    
    Signed-off-by: qqiumax <maxqqqq@hotmail.com>

commit 4aff131a87d6568c8872e5d7d874732a246bedc4
Author: qqiumax <maxqqqq@hotmail.com>
Date:   Fri Jul 1 09:37:53 2022 +0800

    donate
    
    Signed-off-by: qqiumax <maxqqqq@hotmail.com>

commit 2abdb89d29b9ca50ffb1e258648b6b6c230f92d1
Author: qqiumax <maxqqqq@hotmail.com>
Date:   Thu Jun 30 11:57:18 2022 +0800

    dsjkdsjksjf
    
    Signed-off-by: qqiumax <maxqqqq@hotmail.com>

commit 33a053a1187e7c946136778bf306040cd60deadd
Author: qqiumax <maxqqqq@hotmail.com>
Date:   Wed Jun 29 18:51:31 2022 +0800

    sec key
    
    Signed-off-by: qqiumax <maxqqqq@hotmail.com>

commit c91436c2f86cd93ca1605981e8f07811710ea7d7
Author: qqiumax <maxqqqq@hotmail.com>
Date:   Tue Jun 28 18:43:20 2022 +0800

    new log
    
    Signed-off-by: qqiumax <maxqqqq@hotmail.com>

commit 7571fca3ef57af45db68e9b2be0c4e8b6666d143
Author: qqiumax <maxqqqq@hotmail.com>
Date:   Tue Jun 28 18:38:19 2022 +0800

    paypal
    
    Signed-off-by: qqiumax <maxqqqq@hotmail.com>

commit 70da650d915e48357b3ba8b76e279c0d92720463
Author: qqiumax <maxqqqq@hotmail.com>
Date:   Mon Jun 27 18:43:16 2022 +0800

    donate
    
    Signed-off-by: qqiumax <maxqqqq@hotmail.com>

commit 038f69fbcd3509ed1e967b8d65185f905e82d20d
Author: qqiumax <maxqqqq@hotmail.com>
Date:   Mon Jun 27 18:00:54 2022 +0800

    donate
    
    Signed-off-by: qqiumax <maxqqqq@hotmail.com>

commit e8a318a4fecf73a01f0e0191b2db5b1b661c36fb
Author: qqiumax <maxqqqq@hotmail.com>
Date:   Mon Jun 27 17:54:20 2022 +0800

    donate
    
    Signed-off-by: qqiumax <maxqqqq@hotmail.com>

commit f3b4976da844e778ac85be111782f8a24d87d372
Author: qqiumax <maxqqqq@hotmail.com>
Date:   Mon Jun 27 16:44:19 2022 +0800

    donate
    
    Signed-off-by: qqiumax <maxqqqq@hotmail.com>

commit a169fce99e1f73e85762304440c47aff371425fd
Author: qqiumax <maxqqqq@hotmail.com>
Date:   Mon Jun 27 16:36:39 2022 +0800

    donate
    
    Signed-off-by: qqiumax <maxqqqq@hotmail.com>

commit e1878d45b8622a466d78913479237e158bdc159f
Author: qqiumax <maxqqqq@hotmail.com>
Date:   Mon Jun 27 16:29:59 2022 +0800

    donate
    
    Signed-off-by: qqiumax <maxqqqq@hotmail.com>

commit fe4f67af383cb6652eec2bfc263610c1715db2ac
Author: qqiumax <maxqqqq@hotmail.com>
Date:   Mon Jun 27 10:35:06 2022 +0800

    Signed-off-by: qqiumax <maxqqqq@hotmail.com>

commit 08953ce0e55d78a36da07130d62a82b54586b64f
Author: qqiumax <maxqqqq@hotmail.com>
Date:   Mon Jun 27 10:21:39 2022 +0800

    Signed-off-by: qqiumax <maxqqqq@hotmail.com>

commit 7c14c1940bd599559dad9b99583debf2f3366d3b
Author: qqiumax <maxqqqq@hotmail.com>
Date:   Mon Jun 27 10:18:46 2022 +0800

    Signed-off-by: qqiumax <maxqqqq@hotmail.com>

commit f6dbad079dbdb018c25d1912599aabe525aad96a
Author: qqiumax <maxqqqq@hotmail.com>
Date:   Mon Jun 27 10:18:33 2022 +0800

    Signed-off-by: qqiumax <maxqqqq@hotmail.com>

commit f1cf722f03fdb6c02411ad6f1c9efd33028b6de0
Author: qqiumax <maxqqqq@hotmail.com>
Date:   Mon Jun 27 10:17:47 2022 +0800

    Signed-off-by: qqiumax <maxqqqq@hotmail.com>

commit d9614f40e82c20706277055fee503601c33c95e2
Author: qqiumax <maxqqqq@hotmail.com>
Date:   Mon Jun 27 10:14:54 2022 +0800

    Signed-off-by: qqiumax <maxqqqq@hotmail.com>

commit 163c188d4bc71a98adddaf922866c03c45d12192
Author: qqiumax <maxqqqq@hotmail.com>
Date:   Mon Jun 27 10:09:18 2022 +0800

    Signed-off-by: qqiumax <maxqqqq@hotmail.com>

commit 6865755348d8379cb37fe4fc6de4ae3b97510876
Author: qqiumax <maxqqqq@hotmail.com>
Date:   Mon Jun 27 08:45:01 2022 +0800

    funding
    
    Signed-off-by: qqiumax <maxqqqq@hotmail.com>

commit fc77eb5722909e223551f19cab5e13708b706208
Author: qqiumax <maxqqqq@hotmail.com>
Date:   Mon Jun 27 08:30:30 2022 +0800

    funding
    
    Signed-off-by: qqiumax <maxqqqq@hotmail.com>

commit e8897cf4fc35637ffc0268832ce324c8b7f02d90
Author: qqiumax <maxqqqq@hotmail.com>
Date:   Sun Jun 26 11:19:52 2022 +0800

    funding
    
    Signed-off-by: qqiumax <maxqqqq@hotmail.com>

commit 59ce0000951324908588415eda1a16ab265417a0
Author: qqiumax <maxqqqq@hotmail.com>
Date:   Sun Jun 26 11:16:21 2022 +0800

    funding
    
    Signed-off-by: qqiumax <maxqqqq@hotmail.com>

commit 288a6cd5a5b5cac8abcc3066877f348949be69db
Author: qqiumax <maxqqqq@hotmail.com>
Date:   Sun Jun 26 11:12:27 2022 +0800

    funding
    
    Signed-off-by: qqiumax <maxqqqq@hotmail.com>

commit 2e23a2d585d5fdbbb4871df4eed7e327ad94a4be
Author: qqiumax <maxqqqq@hotmail.com>
Date:   Sun Jun 26 11:10:35 2022 +0800

    funding
    
    Signed-off-by: qqiumax <maxqqqq@hotmail.com>

commit 042ddf039f5f51d734fe1322bcfa689891eac11a
Author: Max Qiu <maxqqqq@hotmail.com>
Date:   Sun Jun 26 11:06:10 2022 +0800

    Create FUNDING.yml
    
    Signed-off-by: Max Qiu <maxqqqq@hotmail.com>

commit b99485fcd49cb412c18560e217af668e67f8523c
Author: Max Qiu <maxqqqq@hotmail.com>
Date:   Sun Jun 26 11:00:13 2022 +0800

    Delete FUNDING.yml
    
    Signed-off-by: Max Qiu <maxqqqq@hotmail.com>

commit 08287756ce0250e57b45c09f0ca4e8876bebac2b
Author: qqiumax <maxqqqq@hotmail.com>
Date:   Sun Jun 26 10:56:57 2022 +0800

    donator
    
    Signed-off-by: qqiumax <maxqqqq@hotmail.com>

commit b05aa9bde4e8b89352282693c9e75f45acd9a9da
Author: qqiumax <maxqqqq@hotmail.com>
Date:   Sun Jun 26 07:50:30 2022 +0800

    pics
    
    Signed-off-by: qqiumax <maxqqqq@hotmail.com>

commit 0de0aaf571b25d48e171b43291bc91263b741168
Author: qqiumax <maxqqqq@hotmail.com>
Date:   Sat Jun 25 21:02:19 2022 +0800

    Signed-off-by: qqiumax <maxqqqq@hotmail.com>

commit 853242c7c26f98aafb955ca9bd54d816f63f8f94
Author: qqiumax <maxqqqq@hotmail.com>
Date:   Sat Jun 25 09:36:59 2022 +0800

    Signed-off-by: qqiumax <maxqqqq@hotmail.com>

commit 626b830f37167b4f21976c07f141e8ec6a480b71
Author: qqiumax <maxqqqq@hotmail.com>
Date:   Sat Jun 25 09:04:05 2022 +0800

    Signed-off-by: qqiumax <maxqqqq@hotmail.com>

commit 9b3f2d67d6bf38e0354c8ef4fdc39128095df573
Author: qqiumax <maxqqqq@hotmail.com>
Date:   Fri Jun 24 18:30:55 2022 +0800

    Signed-off-by: qqiumax <maxqqqq@hotmail.com>

commit df5c93e6d30bcb0e315315f62152dfc095fde609
Author: qqiumax <maxqqqq@hotmail.com>
Date:   Fri Jun 24 17:48:19 2022 +0800

    Signed-off-by: qqiumax <maxqqqq@hotmail.com>

commit aecd4585ca750762d824c7bf9e318b81cceffecc
Author: qqiumax <maxqqqq@hotmail.com>
Date:   Fri Jun 24 17:35:53 2022 +0800

    hotfix
    
    Signed-off-by: qqiumax <maxqqqq@hotmail.com>

commit 56a721acd0aa752867d93119d2d81beb77cbef13
Author: qqiumax <maxqqqq@hotmail.com>
Date:   Fri Jun 24 15:50:07 2022 +0800

    donate
    
    Signed-off-by: qqiumax <maxqqqq@hotmail.com>

commit af79cd7dcdb016b4b22150523bf2bd6b7c29f981
Author: qqiumax <maxqqqq@hotmail.com>
Date:   Fri Jun 24 15:46:10 2022 +0800

    paypal
    
    Signed-off-by: qqiumax <maxqqqq@hotmail.com>

commit 943e0b80ec999dd4d93e990560674589354b3320
Author: qqiumax <maxqqqq@hotmail.com>
Date:   Fri Jun 24 15:23:31 2022 +0800

    log
    
    Signed-off-by: qqiumax <maxqqqq@hotmail.com>

commit 9de4b96fd65c90d479a739ee6716cfa4d8a31fee
Author: qqiumax <maxqqqq@hotmail.com>
Date:   Fri Jun 24 15:22:06 2022 +0800

    lesson 2 video
    
    Signed-off-by: qqiumax <maxqqqq@hotmail.com>

commit b289418b057b6df2616c58ff501067df3f568e06
Author: qqiumax <maxqqqq@hotmail.com>
Date:   Fri Jun 24 13:34:17 2022 +0800

    sitemap'
    
    Signed-off-by: qqiumax <maxqqqq@hotmail.com>

commit 428e2c2b083b38e7f30d890dfdf60aab4a832c1e
Author: qqiumax <maxqqqq@hotmail.com>
Date:   Fri Jun 24 13:33:55 2022 +0800

    sitemapindex
    
    Signed-off-by: qqiumax <maxqqqq@hotmail.com>

commit 40721a5e9f7000be41db579d29c00f1f3d1339da
Author: qqiumax <maxqqqq@hotmail.com>
Date:   Fri Jun 24 13:32:45 2022 +0800

    urlist
    
    Signed-off-by: qqiumax <maxqqqq@hotmail.com>

commit 31b51c6ca3288f4552abc5287ad0ac648b546fe3
Merge: 555dcd9 70087a0
Author: qqiumax <maxqqqq@hotmail.com>
Date:   Fri Jun 24 10:10:26 2022 +0800

    Merge remote-tracking branch 'origin/main'

commit 555dcd91091274b2e08c3eca5c3696edb9530f72
Author: qqiumax <maxqqqq@hotmail.com>
Date:   Fri Jun 24 10:08:50 2022 +0800

    lesson 1 video
    
    Signed-off-by: qqiumax <maxqqqq@hotmail.com>

commit 70087a052204a33d8d6aae26e4b995b6b8cbbb74
Author: Max Qiu <maxqqqq@hotmail.com>
Date:   Fri Jun 24 09:20:47 2022 +0800

    Set theme jekyll-theme-cayman

commit 9b69284344836810d03a981f359453fe5e052613
Merge: 59b981f a3598ef
Author: Max Qiu <maxqqqq@hotmail.com>
Date:   Fri Jun 24 09:19:48 2022 +0800

    Merge pull request #2 from qqiumax/qqiumax-patch-1
    
    Update README.md

commit a3598ef1aea844c129a4ec33682be0d861f16619
Author: Max Qiu <maxqqqq@hotmail.com>
Date:   Fri Jun 24 09:19:20 2022 +0800

    Update README.md
    
    Signed-off-by: Max Qiu <maxqqqq@hotmail.com>

commit 59b981fc38113dfe7bfb27a75af2c54f91d54ab6
Author: qqiumax <maxqqqq@hotmail.com>
Date:   Thu Jun 23 12:15:44 2022 +0800

    good
    
    Signed-off-by: qqiumax <maxqqqq@hotmail.com>

commit 7bc8f79e05bdf4b366c1d73a550e10f0944cb038
Author: qqiumax <maxqqqq@hotmail.com>
Date:   Wed Jun 22 22:08:53 2022 +0800

    new blog
    
    Signed-off-by: qqiumax <maxqqqq@hotmail.com>

commit eb5520e5575f7d5113af5cdcce8ac13d3d981038
Author: qqiumax <maxqqqq@hotmail.com>
Date:   Wed Jun 22 21:01:18 2022 +0800

    good comment
    
    Signed-off-by: qqiumax <maxqqqq@hotmail.com>

commit 17e9e1632d4c9830c97330b1532ad044bb18919f
Author: qqiumax <maxqqqq@hotmail.com>
Date:   Wed Jun 22 20:36:26 2022 +0800

    blog20
    
    Signed-off-by: qqiumax <maxqqqq@hotmail.com>

commit 5dd20fa21756081e91378ecabc28576b1042b62d
Author: qqiumax <maxqqqq@hotmail.com>
Date:   Wed Jun 22 18:28:46 2022 +0800

    blog 5-7
    
    Signed-off-by: qqiumax <maxqqqq@hotmail.com>

commit 9074e496200d031c206b85cdca33d30cd4fa3345
Author: qqiumax <maxqqqq@hotmail.com>
Date:   Wed Jun 22 18:20:55 2022 +0800

    blog5
    
    Signed-off-by: qqiumax <maxqqqq@hotmail.com>

commit 1373d2de0b99e8afaca8c59fb50c8ccba00a6279
Author: qqiumax <maxqqqq@hotmail.com>
Date:   Wed Jun 22 18:00:42 2022 +0800

    blog 6
    
    Signed-off-by: qqiumax <maxqqqq@hotmail.com>

commit 8560e13d22f8748da04988b9f8eb4bd70cf1c07d
Author: qqiumax <maxqqqq@hotmail.com>
Date:   Wed Jun 22 17:44:30 2022 +0800

    blog 6
    
    Signed-off-by: qqiumax <maxqqqq@hotmail.com>

commit 099686389410f64eed903048ca79303c63fc9fb4
Author: qqiumax <maxqqqq@hotmail.com>
Date:   Wed Jun 22 17:43:34 2022 +0800

    blog 6 of git
    
    Signed-off-by: qqiumax <maxqqqq@hotmail.com>

commit 8a903f560ec74f95cf5359f165482bc33b510241
Author: qqiumax <maxqqqq@hotmail.com>
Date:   Wed Jun 22 12:37:19 2022 +0800

    urlist
    
    Signed-off-by: qqiumax <maxqqqq@hotmail.com>

commit 007ada187c4747f592651bddfef0e8c5d1ec819c
Author: qqiumax <maxqqqq@hotmail.com>
Date:   Wed Jun 22 12:35:59 2022 +0800

    rights
    
    Signed-off-by: qqiumax <maxqqqq@hotmail.com>

commit 989afab20198904cc8f15bebedd05d893b440b46
Author: qqiumax <maxqqqq@hotmail.com>
Date:   Wed Jun 22 12:28:06 2022 +0800

    bugficx
    
    Signed-off-by: qqiumax <maxqqqq@hotmail.com>

commit c5e4be4e4e74914ccac4ccf98605f81ecf3ae3df
Author: qqiumax <maxqqqq@hotmail.com>
Date:   Wed Jun 22 12:20:14 2022 +0800

    layout
    
    Signed-off-by: qqiumax <maxqqqq@hotmail.com>

commit e0ed98cec313306bc37c3aea3243bda59ad27694
Author: qqiumax <maxqqqq@hotmail.com>
Date:   Wed Jun 22 12:13:25 2022 +0800

    delete copyright
    
    Signed-off-by: qqiumax <maxqqqq@hotmail.com>

commit 25abeb0b12e457ae822c1075aa630d1ab0a00beb
Author: qqiumax <maxqqqq@hotmail.com>
Date:   Wed Jun 22 09:52:54 2022 +0800

    baidu
    
    Signed-off-by: qqiumax <maxqqqq@hotmail.com>

commit bf0ce29fa630f3f80cac7b8029c7dfd47c85f09d
Author: qqiumax <maxqqqq@hotmail.com>
Date:   Tue Jun 21 18:23:08 2022 +0800

    baidu
    
    Signed-off-by: qqiumax <maxqqqq@hotmail.com>

commit 317359809d538976c05127b24f49d2a8af29eb19
Author: qqiumax <maxqqqq@hotmail.com>
Date:   Tue Jun 21 17:58:01 2022 +0800

    yandex
    
    Signed-off-by: qqiumax <maxqqqq@hotmail.com>

commit 103bf9dd0a9c434effc8f7a298995468b1d195c9
Author: qqiumax <maxqqqq@hotmail.com>
Date:   Tue Jun 21 17:42:45 2022 +0800

    yandex
    
    Signed-off-by: qqiumax <maxqqqq@hotmail.com>

commit 39c3702aa1509136c7205b485936e0cef4715c28
Author: qqiumax <maxqqqq@hotmail.com>
Date:   Tue Jun 21 11:36:26 2022 +0800

    msclarity
    
    Signed-off-by: qqiumax <maxqqqq@hotmail.com>

commit fd98d2325485fc98b6de3601f29b1a27bc7a5f02
Author: qqiumax <maxqqqq@hotmail.com>
Date:   Tue Jun 21 11:28:56 2022 +0800

    layouts
    
    Signed-off-by: qqiumax <maxqqqq@hotmail.com>

commit 2f4766e7686bfd69aab2823334124da14d390207
Author: qqiumax <maxqqqq@hotmail.com>
Date:   Tue Jun 21 11:24:51 2022 +0800

    layouts
    
    Signed-off-by: qqiumax <maxqqqq@hotmail.com>

commit e2373ea82e66800d10ec5445a660f08c3c7462a5
Author: qqiumax <maxqqqq@hotmail.com>
Date:   Tue Jun 21 11:19:52 2022 +0800

    layouts
    
    Signed-off-by: qqiumax <maxqqqq@hotmail.com>

commit f1ea5409455af3da41546504bf40a217f3451791
Author: qqiumax <maxqqqq@hotmail.com>
Date:   Tue Jun 21 10:47:01 2022 +0800

    delete optimize
    
    Signed-off-by: qqiumax <maxqqqq@hotmail.com>

commit 71b51126abe96d24b4bed0ffc6e8dbf02b793acd
Author: qqiumax <maxqqqq@hotmail.com>
Date:   Tue Jun 21 09:52:59 2022 +0800

    bugfix
    
    Signed-off-by: qqiumax <maxqqqq@hotmail.com>

commit 5013efcb5adfadcad8b8ea25c89bb073c66486f6
Author: qqiumax <maxqqqq@hotmail.com>
Date:   Tue Jun 21 09:48:33 2022 +0800

    google opt
    
    Signed-off-by: qqiumax <maxqqqq@hotmail.com>

commit 006cdc8f210d2f0eb6ed9b69524fe28c7adb920e
Author: qqiumax <maxqqqq@hotmail.com>
Date:   Tue Jun 21 09:34:23 2022 +0800

    api fix'
    
    Signed-off-by: qqiumax <maxqqqq@hotmail.com>

commit 5fb383a7440af9cb7f0b43ae872903d41820edad
Author: qqiumax <maxqqqq@hotmail.com>
Date:   Tue Jun 21 09:19:31 2022 +0800

    indexnow api
    
    Signed-off-by: qqiumax <maxqqqq@hotmail.com>

commit 7544e59646b2f00cb6a4994227700c24af8d4543
Author: qqiumax <maxqqqq@hotmail.com>
Date:   Mon Jun 20 19:03:28 2022 +0800

    msclarity
    
    Signed-off-by: qqiumax <maxqqqq@hotmail.com>

commit 0f2be772e4251a756592977e8a9aebf8fbbcf753
Author: qqiumax <maxqqqq@hotmail.com>
Date:   Mon Jun 20 18:53:41 2022 +0800

    msclarity
    
    Signed-off-by: qqiumax <maxqqqq@hotmail.com>

commit faf1e509c8c77fb9a0a4c1285a58947ddbc4113b
Author: qqiumax <maxqqqq@hotmail.com>
Date:   Mon Jun 20 18:24:15 2022 +0800

    msclarity
    
    Signed-off-by: qqiumax <maxqqqq@hotmail.com>

commit d019fd0e0b690143610e6e8722980bb1bf39e767
Author: qqiumax <maxqqqq@hotmail.com>
Date:   Mon Jun 20 14:47:33 2022 +0800

    terms
    
    Signed-off-by: qqiumax <maxqqqq@hotmail.com>

commit 934362aaadef8f00d294e4e1b7706c75d8417011
Author: qqiumax <maxqqqq@hotmail.com>
Date:   Mon Jun 20 14:45:44 2022 +0800

    terms
    
    Signed-off-by: qqiumax <maxqqqq@hotmail.com>

commit 83c89c03514413ab49eea9dad4f467841a808469
Author: qqiumax <maxqqqq@hotmail.com>
Date:   Mon Jun 20 14:43:00 2022 +0800

    terms
    
    Signed-off-by: qqiumax <maxqqqq@hotmail.com>

commit e2f1a198817988a804ecbf648a7c8f389c730588
Author: qqiumax <maxqqqq@hotmail.com>
Date:   Mon Jun 20 13:11:06 2022 +0800

    favicon
    
    Signed-off-by: qqiumax <maxqqqq@hotmail.com>

commit ac51bc7120c2ba3d67c1421848f7b290bc8dea62
Author: qqiumax <maxqqqq@hotmail.com>
Date:   Mon Jun 20 13:03:39 2022 +0800

    gtag.js
    
    Signed-off-by: qqiumax <maxqqqq@hotmail.com>

commit 91a3e8027c896494dff95cace828b1a43b2ed1ab
Author: qqiumax <maxqqqq@hotmail.com>
Date:   Mon Jun 20 10:54:16 2022 +0800

    favicon
    
    Signed-off-by: qqiumax <maxqqqq@hotmail.com>

commit bb5ebd3b1415227f7a620a47bc570e7c28387399
Author: qqiumax <maxqqqq@hotmail.com>
Date:   Mon Jun 20 10:45:38 2022 +0800

    origin main
    
    Signed-off-by: qqiumax <maxqqqq@hotmail.com>

commit 92bdbdb9593e6fa24ac878d32392a6e3a10e642f
Author: qqiumax <maxqqqq@hotmail.com>
Date:   Mon Jun 20 10:41:03 2022 +0800

    favicon
    
    Signed-off-by: qqiumax <maxqqqq@hotmail.com>

commit b1b1ac68ece6ce29384a6306c7b5d5df4099efd3
Author: qqiumax <maxqqqq@hotmail.com>
Date:   Mon Jun 20 10:40:26 2022 +0800

    favicon
    
    Signed-off-by: qqiumax <maxqqqq@hotmail.com>

commit 7c018eb760a7ccbac21f54569a9ba4f72afc250e
Author: qqiumax <maxqqqq@hotmail.com>
Date:   Mon Jun 20 08:13:11 2022 +0800

    gtm
    
    Signed-off-by: qqiumax <maxqqqq@hotmail.com>

commit 86966e7103ca864ecf05356184fcae4c0fd5b1e8
Author: qqiumax <maxqqqq@hotmail.com>
Date:   Mon Jun 20 08:09:24 2022 +0800

    gtm
    
    Signed-off-by: qqiumax <maxqqqq@hotmail.com>

commit 3dec4f7813f27ebcdcb636dd45d93372839d13b2
Author: qqiumax <maxqqqq@hotmail.com>
Date:   Mon Jun 20 07:59:52 2022 +0800

    gtm
    
    Signed-off-by: qqiumax <maxqqqq@hotmail.com>

commit f265ea393a81e06dd4b490a259f819835f6fd5a9
Author: qqiumax <maxqqqq@hotmail.com>
Date:   Mon Jun 20 07:23:03 2022 +0800

    gtm
    
    Signed-off-by: qqiumax <maxqqqq@hotmail.com>

commit 2e8eb5a20339f7a11f27c6eff140485b8d08a160
Author: qqiumax <maxqqqq@hotmail.com>
Date:   Mon Jun 20 07:09:10 2022 +0800

    coment
    
    Signed-off-by: qqiumax <maxqqqq@hotmail.com>

commit 2a112f5f2dc049a4562e38af6313cbfe38186053
Author: qqiumax <maxqqqq@hotmail.com>
Date:   Sun Jun 19 11:15:40 2022 +0800

    coment
    
    Signed-off-by: qqiumax <maxqqqq@hotmail.com>

commit 4f5cb1ae088c451df10bc270e5b42609ad74c58e
Author: qqiumax <maxqqqq@hotmail.com>
Date:   Sun Jun 19 11:11:13 2022 +0800

    coment
    
    Signed-off-by: qqiumax <maxqqqq@hotmail.com>

commit 62b7e4327a3367574ed5119083a72ea6a56467c8
Author: qqiumax <maxqqqq@hotmail.com>
Date:   Sun Jun 19 11:07:09 2022 +0800

    coment
    
    Signed-off-by: qqiumax <maxqqqq@hotmail.com>

commit b2234157d560019f2fa1f0ce5cf16c9d4cb531b2
Author: qqiumax <maxqqqq@hotmail.com>
Date:   Sun Jun 19 10:58:46 2022 +0800

    coment
    
    Signed-off-by: qqiumax <maxqqqq@hotmail.com>

commit a20af31ef6156ab1da8deb415740a935ecd399f4
Author: qqiumax <maxqqqq@hotmail.com>
Date:   Sun Jun 19 10:45:31 2022 +0800

    coment
    
    Signed-off-by: qqiumax <maxqqqq@hotmail.com>

commit 6cbae1e2defe139cb8ae0fcb755658d41373480b
Author: qqiumax <maxqqqq@hotmail.com>
Date:   Sun Jun 19 10:30:45 2022 +0800

    coment
    
    Signed-off-by: qqiumax <maxqqqq@hotmail.com>

commit 8b540e1f581e33c4d05208bdff6e13697e50da62
Author: qqiumax <maxqqqq@hotmail.com>
Date:   Sat Jun 18 19:17:43 2022 +0800

    move support
    
    Signed-off-by: qqiumax <maxqqqq@hotmail.com>

commit a4af1bec6a0e50c1246df15b8edefcea25bc9f22
Author: qqiumax <maxqqqq@hotmail.com>
Date:   Sat Jun 18 18:05:40 2022 +0800

    move support
    
    Signed-off-by: qqiumax <maxqqqq@hotmail.com>

commit eaa911a7817deab5fc6f2993ab725c8f8a8d3ee0
Author: qqiumax <maxqqqq@hotmail.com>
Date:   Sat Jun 18 17:38:50 2022 +0800

    move support
    
    Signed-off-by: qqiumax <maxqqqq@hotmail.com>

commit ad5a8fb0338a5b6a6585e36f94c1d6124f1f9a8d
Author: qqiumax <maxqqqq@hotmail.com>
Date:   Sat Jun 18 15:42:02 2022 +0800

    offline
    
    Signed-off-by: qqiumax <maxqqqq@hotmail.com>

commit 368ff86e1170eed34735f7c0cf289c1d59c5f583
Author: qqiumax <maxqqqq@hotmail.com>
Date:   Sat Jun 18 11:39:53 2022 +0800

    coupon
    
    Signed-off-by: qqiumax <maxqqqq@hotmail.com>

commit 9061c5fa480d9c2d6b47cd70068e289b27f483d2
Author: qqiumax <maxqqqq@hotmail.com>
Date:   Fri Jun 17 17:37:58 2022 +0800

    upload log and urlist
    
    Signed-off-by: qqiumax <maxqqqq@hotmail.com>

commit e67ad1afda118d29e48a807bff6fab6a0613832c
Author: qqiumax <maxqqqq@hotmail.com>
Date:   Fri Jun 17 17:36:23 2022 +0800

    upload log and urlist
    
    Signed-off-by: qqiumax <maxqqqq@hotmail.com>

commit b1b0cc892f163ffe8c4651acef2470ce783de6a1
Author: qqiumax <maxqqqq@hotmail.com>
Date:   Fri Jun 17 17:36:06 2022 +0800

    upload log and urlist
    
    Signed-off-by: qqiumax <maxqqqq@hotmail.com>

commit 97f41435f5fa04755a98ef810e5f45880a2b14d1
Author: qqiumax <maxqqqq@hotmail.com>
Date:   Thu Jun 16 20:52:16 2022 +0800

    comments
    
    Signed-off-by: qqiumax <maxqqqq@hotmail.com>

commit f3120c14c16398612edd422e6739d05583599865
Author: qqiumax <maxqqqq@hotmail.com>
Date:   Thu Jun 16 20:30:24 2022 +0800

    comment section
    
    Signed-off-by: qqiumax <maxqqqq@hotmail.com>

commit 8fc58952417cc4226099bfa0ea5dc9cf5af72103
Author: qqiumax <maxqqqq@hotmail.com>
Date:   Thu Jun 16 17:02:26 2022 +0800

    new code
    
    Signed-off-by: qqiumax <maxqqqq@hotmail.com>

commit a5968e0f739cfcab5f4b82fd71b2f3c021eab48f
Author: qqiumax <maxqqqq@hotmail.com>
Date:   Thu Jun 16 14:16:31 2022 +0800

    modfy license
    
    Signed-off-by: qqiumax <maxqqqq@hotmail.com>

commit 6c8076b6217f3a19be1aa936ad75152a55dd0c2c
Author: qqiumax <maxqqqq@hotmail.com>
Date:   Wed Jun 15 20:22:46 2022 +0800

    copyright
    
    Signed-off-by: qqiumax <maxqqqq@hotmail.com>

commit 31a692b12cf2465dc2c92093800b98433cb1085d
Author: qqiumax <maxqqqq@hotmail.com>
Date:   Wed Jun 15 20:02:45 2022 +0800

    copyright
    
    Signed-off-by: qqiumax <maxqqqq@hotmail.com>

commit 7d8a7b817e2f4cc8eedde45767511e4d7f7d048f
Author: qqiumax <maxqqqq@hotmail.com>
Date:   Wed Jun 15 13:56:36 2022 +0800

    supportchange

commit 8e53fc6336562be9dc0adbebb51a40ee9a525c56
Author: qqiumax <maxqqqq@hotmail.com>
Date:   Tue Jun 14 13:24:00 2022 +0800

    book publish

commit c675fc19964c4372d8f80c45c1f35e8a9b95f0cf
Author: qqiumax <maxqqqq@hotmail.com>
Date:   Tue Jun 14 13:18:07 2022 +0800

    has an log

commit 72327deb5009e5066018e8a9365901cb63874aac
Author: qqiumax <maxqqqq@hotmail.com>
Date:   Tue Jun 14 11:21:17 2022 +0800

    new blog

commit 2e1eb987e3c219aab445df94a83c675a8cacfa51
Author: qqiumax <maxqqqq@hotmail.com>
Date:   Tue Jun 14 09:23:09 2022 +0800

    .githignore urlist

commit 927d5f383a512f036048938ee0cd7d0f505c46b0
Author: qqiumax <maxqqqq@hotmail.com>
Date:   Mon Jun 13 20:13:11 2022 +0800

    new blog

commit b6a98caf91198ea99da326457a2f9c3d63d596b0
Author: qqiumax <maxqqqq@hotmail.com>
Date:   Sun Jun 12 20:13:19 2022 +0800

    mocrosoft form

commit 6d0eaf650468467c4a02d8086d30106bc3a039d9
Author: qqiumax <maxqqqq@hotmail.com>
Date:   Sun Jun 12 18:53:35 2022 +0800

    blog

commit cfdd2c2b15af80be48cad1a2a0a3a3247f1b542f
Author: qqiumax <maxqqqq@hotmail.com>
Date:   Sat Jun 11 16:42:16 2022 +0800

    new blog

commit 03033b7dbb35892fb1a329d9dc3cc9b53102f680
Author: qqiumax <maxqqqq@hotmail.com>
Date:   Fri Jun 10 18:53:05 2022 +0800

    blog

commit 2de1b2daaeba6cedad651893becc59c293179f10
Author: Max Qiu <maxqqqq@hotmail.com>
Date:   Fri Jun 10 18:51:22 2022 +0800

    Update README.md
    
    Signed-off-by: Max Qiu <maxqqqq@hotmail.com>

commit 6fc8a334790f1535ec53c55a92bf273e82cabcc7
Author: Max Qiu <maxqqqq@hotmail.com>
Date:   Fri Jun 10 18:50:13 2022 +0800

    Update README.md
    
    Signed-off-by: Max Qiu <maxqqqq@hotmail.com>

commit 82cf7a2b05b3b3c4720a61239f8b1efd3598a760
Author: qqiumax <maxqqqq@hotmail.com>
Date:   Fri Jun 10 18:44:13 2022 +0800

    subscribe support

commit ffc455e319df56a2600fbc46abf0270cd1d340f0
Author: qqiumax <maxqqqq@hotmail.com>
Date:   Fri Jun 10 18:42:45 2022 +0800

    subscribe support

commit bc07b8211cc2d941921d0a1390d2d249d0fb6341
Author: qqiumax <maxqqqq@hotmail.com>
Date:   Fri Jun 10 18:22:56 2022 +0800

    subscribe!

commit 0d8e4cbd121ddb6629d717387f7cc48dd5003d69
Author: qqiumax <maxqqqq@hotmail.com>
Date:   Fri Jun 10 18:20:24 2022 +0800

    subscribe!

commit 3a0911a3cd94ea9eaa028ff76e7618aa853ea06c
Author: qqiumax <maxqqqq@hotmail.com>
Date:   Fri Jun 10 18:17:52 2022 +0800

    subscribe!

commit 70ef2812dbfe33ffad1b9a7db45eb9f9679a0a83
Author: qqiumax <maxqqqq@hotmail.com>
Date:   Fri Jun 10 18:15:34 2022 +0800

    subscribe!

commit a10149302f656a4ded86376e2beb13edcb5c7fc4
Author: qqiumax <maxqqqq@hotmail.com>
Date:   Fri Jun 10 14:47:49 2022 +0800

    paid planms

commit 325e8ca8f918faa2b1362af59e08498266957306
Author: qqiumax <maxqqqq@hotmail.com>
Date:   Fri Jun 10 11:41:41 2022 +0800

    new blog

commit 46f7fe56ee66741c44003c9137189a77e66167a1
Author: qqiumax <maxqqqq@hotmail.com>
Date:   Fri Jun 10 10:02:54 2022 +0800

    blog bugfix

commit 708190c3ee67357c619ececbfdb7776dc5d7c1fc
Author: qqiumax <maxqqqq@hotmail.com>
Date:   Thu Jun 9 19:58:18 2022 +0800

    new blog&series

commit cb30ed6f0e41b7d14a3dda180dbe51cde8ec809e
Author: qqiumax <maxqqqq@hotmail.com>
Date:   Thu Jun 9 14:24:43 2022 +0800

    sitemap,sitemap

commit 7c456c10d8ae289e85cb62f5a9f91f49301d496e
Author: qqiumax <maxqqqq@hotmail.com>
Date:   Thu Jun 9 13:10:27 2022 +0800

    new blog

commit b3490dc0e726b69c6d5c9a58f5d74fc3d903fc97
Author: qqiumax <maxqqqq@hotmail.com>
Date:   Thu Jun 9 11:49:23 2022 +0800

    rewritten

commit 6a645f5b6523a77fd5417a0e2052f1d7cdb95c27
Author: Max Qiu <maxqqqq@hotmail.com>
Date:   Thu Jun 9 10:52:21 2022 +0800

    Create FUNDING.yml
    
    Signed-off-by: Max Qiu <maxqqqq@hotmail.com>

commit 3c9a9cec3a26e7b97a937d64cbaad5798bad8632
Author: qqiumax <maxqqqq@hotmail.com>
Date:   Thu Jun 9 08:17:25 2022 +0800

    bugfiux

commit afa20e938744c8a057499a63dfee04c5fc0d0734
Author: qqiumax <maxqqqq@hotmail.com>
Date:   Wed Jun 8 13:15:51 2022 +0800

    changes

commit 1e8eddfc9eb179bf17f14b273a40ae922e9b7a56
Author: qqiumax <maxqqqq@hotmail.com>
Date:   Wed Jun 8 08:24:59 2022 +0800

    blog

commit 5a1fc5ccebbeecb2bf00bd7b9d40c1959d927b23
Author: qqiumax <maxqqqq@hotmail.com>
Date:   Tue Jun 7 12:47:32 2022 +0800

    blog

commit 68f5e6bce451c0a54f0dc4fe512c4df2c3b5ce9b
Author: qqiumax <maxqqqq@hotmail.com>
Date:   Tue Jun 7 10:34:56 2022 +0800

    blog

commit 0f035670fd228fb803ec90e0f1ebd6f0f5c2ce8c
Author: qqiumax <maxqqqq@hotmail.com>
Date:   Tue Jun 7 08:54:21 2022 +0800

    sitemap,sitemap

commit 5fa707dad469e525595932ecb19749a332d9dd0a
Author: qqiumax <maxqqqq@hotmail.com>
Date:   Mon Jun 6 20:24:29 2022 +0800

    bugfix+new content+links

commit 81563f7ec02b5136a5b4920caf23e28a4166dede
Author: qqiumax <maxqqqq@hotmail.com>
Date:   Mon Jun 6 20:09:30 2022 +0800

    new blog!

commit 895045048952cf82b6781e4b49b813cbda33079a
Author: qqiumax <maxqqqq@hotmail.com>
Date:   Mon Jun 6 14:20:28 2022 +0800

    sitemap

commit 442feb1b52ab10f3ebe2ffe93fbeef7468bd68a9
Author: qqiumax <maxqqqq@hotmail.com>
Date:   Mon Jun 6 14:13:09 2022 +0800

    add blog

commit b9f7dc007b2b4d31554355796577a2c19c0a9272
Author: qqiumax <maxqqqq@hotmail.com>
Date:   Mon Jun 6 12:01:28 2022 +0800

    add ppt

commit ecd9a7055c116c53282e7abcdf32c79047d91ab0
Author: qqiumax <maxqqqq@hotmail.com>
Date:   Mon Jun 6 09:13:41 2022 +0800

    bugfix+content

commit 8f15f1b3e8b42ea66bc81b44aee350411595a89f
Author: qqiumax <maxqqqq@hotmail.com>
Date:   Fri Jun 3 17:45:54 2022 +0800

    bugfix+content

commit 31e911efab78ef6d4437d3597a55d5070ddd907b
Author: qqiumax <maxqqqq@hotmail.com>
Date:   Fri Jun 3 17:35:33 2022 +0800

    bugfix+content

commit ee0ac4f0ec1aeb2e70fde67bb6628cb143d8aae5
Author: qqiumax <maxqqqq@hotmail.com>
Date:   Fri Jun 3 17:22:54 2022 +0800

    bugfix+content

commit 57288585b871c1e316fd7bdc4976ab67ec51dc59
Author: qqiumax <maxqqqq@hotmail.com>
Date:   Fri Jun 3 12:17:06 2022 +0800

    bugfix+content

commit 64f33b6fc2a4d2736cb7ab930bd58692d245e287
Author: qqiumax <maxqqqq@hotmail.com>
Date:   Fri Jun 3 12:12:33 2022 +0800

    bugfix+content

commit 313ad7c38305c7f78bd569c36a6cccab8e28d23d
Author: qqiumax <maxqqqq@hotmail.com>
Date:   Fri Jun 3 11:09:51 2022 +0800

    bugfix+content

commit 0b211a5d6246e8f073ee1f906870315bc0b0542d
Author: qqiumax <maxqqqq@hotmail.com>
Date:   Fri Jun 3 11:04:00 2022 +0800

    bugfix+content

commit 12d20f26be8793cf065cbdde7603bdaea1638c04
Author: qqiumax <maxqqqq@hotmail.com>
Date:   Fri Jun 3 11:01:06 2022 +0800

    bugfix+content

commit d965f35732cc8cb4c2fac88e5424c790ee4dbdae
Author: qqiumax <maxqqqq@hotmail.com>
Date:   Thu Jun 2 16:27:26 2022 +0800

    bugfix

commit f6449de9a0356f7740ac26a22a260b1ab1782624
Author: qqiumax <maxqqqq@hotmail.com>
Date:   Thu Jun 2 15:15:57 2022 +0800

    sig

commit 7aefa135e78986ee4225ad6395e55765e384cb98
Author: qqiumax <maxqqqq@hotmail.com>
Date:   Thu Jun 2 14:00:11 2022 +0800

    update profile

commit 27d22bcefb19e9734323540b9ff0c76fdb13edaf
Author: qqiumax <maxqqqq@hotmail.com>
Date:   Thu Jun 2 10:28:28 2022 +0800

    keyid

commit f93bf72f7f9f1228c937b79fccd18ba9ddd44e62
Author: qqiumax <maxqqqq@hotmail.com>
Date:   Wed Jun 1 20:34:37 2022 +0800

    sig

commit 460c6518e852e6fab5dc5a999ab3eef60c49b721
Author: qqiumax <maxqqqq@hotmail.com>
Date:   Wed Jun 1 13:19:55 2022 +0800

    signature

commit 549102b279e910711257b80792c9306869a3ad10
Author: qqiumax <maxqqqq@hotmail.com>
Date:   Wed Jun 1 13:16:52 2022 +0800

    asdf

commit 09998453cd0e2f3c55b770cf32f74df85cdb684d
Author: qqiumax <maxqqqq@hotmail.com>
Date:   Wed Jun 1 12:01:06 2022 +0800

    contact bugfix

commit c108c3f78a21cb06fb225a7b02ee9ac3892f299f
Author: qqiumax <maxqqqq@hotmail.com>
Date:   Wed Jun 1 08:56:04 2022 +0800

    bugfix

commit 9f92032ade637b7bf578d962bc147d02c9f7712a
Author: qqiumax <maxqqqq@hotmail.com>
Date:   Tue May 31 21:45:51 2022 +0800

    newblog

commit 7e02ef13d68b5533c83ec34e6fbb8c1aeac75922
Author: qqiumax <maxqqqq@hotmail.com>
Date:   Tue May 31 21:44:52 2022 +0800

    bugfix

commit 2078f00898eb06164d2e2950ec56a2bb2cefbe02
Author: qqiumax <maxqqqq@hotmail.com>
Date:   Tue May 31 18:53:50 2022 +0800

    journal new

commit bd81315e4c164782f1aee498d67babd9e2d8f7e4
Author: qqiumax <maxqqqq@hotmail.com>
Date:   Tue May 31 14:45:54 2022 +0800

    bk

commit 09179308ac14fd0a7c0933f4b2d115ed3db3dfd8
Author: qqiumax <maxqqqq@hotmail.com>
Date:   Tue May 31 14:45:21 2022 +0800

    tst

commit f1f6ac66d2b066b19407be261ab054f43262cbf7
Author: qqiumax <maxqqqq@hotmail.com>
Date:   Tue May 31 14:38:56 2022 +0800

    clear pivacy

commit 10000841df1fd518fe707d23622d5ea89dd938ba
Author: qqiumax <maxqqqq@hotmail.com>
Date:   Tue May 31 14:30:58 2022 +0800

    stn
    
    Signed-off-by: qqiumax <maxqqqq@hotmail.com>

commit 40ab7d00430ef397d6e662444d93ebd23da79eaa
Author: qqiumax <maxqqqq@hotmail.com>
Date:   Mon May 30 09:53:12 2022 +0800

    bugfix

commit e967206db8f0d471ec045356fe9c4927342b2933
Author: qqiumax <maxqqqq@hotmail.com>
Date:   Mon May 30 09:51:24 2022 +0800

    update stm

commit 111aeb5c45710788b7bdb705d42a6c3b02fa18ad
Author: qqiumax <maxqqqq@hotmail.com>
Date:   Mon May 30 09:49:00 2022 +0800

    update home

commit 8a0008d1ebdc91d56f37e8354f593ab81a05d7fc
Author: qqiumax <maxqqqq@hotmail.com>
Date:   Mon May 30 09:48:13 2022 +0800

    new blog

commit c6197367b2e21e00e494078e4dcb93b7a95632f4
Author: qqiumax <maxqqqq@hotmail.com>
Date:   Sun May 29 21:22:49 2022 +0800

    troubleshoot

commit 5dd388aafa632e01ef90df1dcd490d9a5503e4da
Author: qqiumax <maxqqqq@hotmail.com>
Date:   Sun May 29 15:25:34 2022 +0800

    delete title

commit a6e00b5fc899cfa638b2deb59018e4799e77bda8
Author: qqiumax <maxqqqq@hotmail.com>
Date:   Sun May 29 13:59:51 2022 +0800

    rm

commit e1df796aa05aba6b90136acdabdf9d30a745d820
Author: qqiumax <maxqqqq@hotmail.com>
Date:   Sun May 29 13:50:53 2022 +0800

    new

commit 282b742843c267a88459eb1488488c14a14b1cbc
Author: qqiumax <maxqqqq@hotmail.com>
Date:   Sun May 29 12:07:34 2022 +0800

    hed

commit db9638e0719704b0ba177b69a3f4bba6c0b9095f
Author: qqiumax <maxqqqq@hotmail.com>
Date:   Sun May 29 09:32:27 2022 +0800

    gtm gtag

commit f173babc893a4fba2533cc9f54c2604adab4f177
Author: qqiumax <maxqqqq@hotmail.com>
Date:   Sat May 28 19:50:01 2022 +0800

    add GPG section

commit 96037d3af1f23da0f3ecd402dc3dcd05c2a6e293
Author: qqiumax <maxqqqq@hotmail.com>
Date:   Sat May 28 18:13:43 2022 +0800

    tst

commit 42b689ae844480675941696e03dfb3b099a8b445
Author: qqiumax <maxqqqq@hotmail.com>
Date:   Sat May 28 18:13:16 2022 +0800

    git

commit 05f8aef7482e47bdc3da9eddac4fd1eea03177ea
Author: qqiumax <maxqqqq@hotmail.com>
Date:   Sat May 28 17:41:37 2022 +0800

    bugfix

commit 4eaa2b16f232e93085c3ea1ee08ed74f216f50e7
Author: qqiumax <maxqqqq@hotmail.com>
Date:   Sat May 28 16:33:15 2022 +0800

    add random

commit 6b8b13c17c28868488e1402c555a58b13d6016dd
Author: qqiumax <maxqqqq@hotmail.com>
Date:   Sat May 28 09:08:54 2022 +0800

    My site is on google now

commit 9c41509047808cdf27cfa5ea0f94bb8e87ee68b5
Author: qqiumax <maxqqqq@hotmail.com>
Date:   Fri May 27 21:26:30 2022 +0800

    code

commit c014f4c23fb4acf1d12e0736549b720d1e6dc03b
Author: qqiumax <maxqqqq@hotmail.com>
Date:   Fri May 27 21:19:52 2022 +0800

    code

commit e416d538e88e577ffc8f05a3e899e213a5b0cbed
Author: qqiumax <maxqqqq@hotmail.com>
Date:   Fri May 27 21:03:23 2022 +0800

    404.md update

commit f69ad5356c13c3afe7d58e39f30d86dd5e5f426f
Author: qqiumax <maxqqqq@hotmail.com>
Date:   Fri May 27 21:00:35 2022 +0800

    new blog!

commit 78aa4f3d2e4f1befca104b5401ca583e945e58ac
Author: qqiumax <maxqqqq@hotmail.com>
Date:   Fri May 27 18:25:26 2022 +0800

    back to norm

commit 3164368a42e5093aa97ed51c1dc639fc48038c42
Author: qqiumax <maxqqqq@hotmail.com>
Date:   Fri May 27 17:10:00 2022 +0800

    btf-jkl

commit 18c11e7f4cd58952272ba6e3c266084d75830076
Author: qqiumax <maxqqqq@hotmail.com>
Date:   Fri May 27 16:19:29 2022 +0800

    config SEO

commit 2351dd5ec1266b643facbcf35263ecb96744c8f4
Author: qqiumax <maxqqqq@hotmail.com>
Date:   Fri May 27 16:10:39 2022 +0800

    web analytics

commit b02b0f0c040988cb0ec2d8b43c8cd5aa3a09990a
Author: qqiumax <maxqqqq@hotmail.com>
Date:   Fri May 27 13:19:04 2022 +0800

    blogfix

commit 88edbac980c3f946016067115eb7dd4a24bea5b6
Author: qqiumax <maxqqqq@hotmail.com>
Date:   Fri May 27 13:16:38 2022 +0800

    new blog

commit 9864c893b21182a61d28c0777d1a6f9d4ea57895
Author: qqiumax <maxqqqq@hotmail.com>
Date:   Fri May 27 12:50:15 2022 +0800

    sitemap

commit 07c74f622c22a75fad37a3d717fb0d4646d51416
Author: qqiumax <maxqqqq@hotmail.com>
Date:   Thu May 26 16:28:44 2022 +0800

    moved stm

commit 60faa95a47a1874d1aa1b83771c2e133ef89ea88
Author: qqiumax <maxqqqq@hotmail.com>
Date:   Thu May 26 15:49:20 2022 +0800

    blog bugfix

commit 73d094461f1b784d33870dfa130c44eeb7d7db4b
Author: qqiumax <maxqqqq@hotmail.com>
Date:   Thu May 26 15:45:57 2022 +0800

    asd

commit 1838c0d27bb0e106b51896151992e8c61a0e692a
Author: qqiumax <maxqqqq@hotmail.com>
Date:   Thu May 26 15:43:04 2022 +0800

    bugfix

commit 8297b8ec9de21c15a9e1d0d69316bc33e37030f1
Author: qqiumax <maxqqqq@hotmail.com>
Date:   Thu May 26 15:19:41 2022 +0800

    update blog 3

commit 6396a2c2653db851f62b782b3f685bcf7b9661b2
Author: qqiumax <maxqqqq@hotmail.com>
Date:   Thu May 26 15:08:54 2022 +0800

    blog3

commit 0de59da1713461a75798afad9daef04788cfc3ec
Author: qqiumax <maxqqqq@hotmail.com>
Date:   Thu May 26 11:05:39 2022 +0800

    asdf

commit 9ad76b0b111a03852b8a45eeb33802f97b70eaba
Author: qqiumax <maxqqqq@hotmail.com>
Date:   Thu May 26 10:39:38 2022 +0800

    sitemap

commit fc1ef08a7e5547d44be30811f6b5b427ecc96752
Author: qqiumax <maxqqqq@hotmail.com>
Date:   Thu May 26 10:38:26 2022 +0800

    asdf

commit a41c096882eeadc40810496e149197a0dac3cf5f
Author: qqiumax <maxqqqq@hotmail.com>
Date:   Thu May 26 10:32:10 2022 +0800

    asdf

commit 3ff3bfb9bd9097e49f63713f647438a9c764c90d
Author: Max Qiu <maxqqqq@hotmail.com>
Date:   Thu May 26 09:37:43 2022 +0800

    Update README.md

commit b95fcacbb5f597d186d8c1984777fb4c0d7b21ad
Author: Max Qiu <maxqqqq@hotmail.com>
Date:   Wed May 25 22:04:06 2022 +0800

    Set theme jekyll-theme-cayman

commit 43b99e9974d28e046272e6b5afd69b16b74f23f5
Author: qqiumax <maxqqqq@hotmail.com>
Date:   Wed May 25 21:59:18 2022 +0800

    reit

commit a6331f2730ce78a8d3cf74253697c848979e0dc3
Author: qqiumax <maxqqqq@hotmail.com>
Date:   Wed May 25 21:54:31 2022 +0800

    clear ache

commit 27c44185b86343088f10818ac4c3553af562517b
Author: qqiumax <maxqqqq@hotmail.com>
Date:   Wed May 25 21:02:30 2022 +0800

    asdf

commit 26523ae0f308b3cabaaa2b3960f75dfee8ba384f
Author: qqiumax <maxqqqq@hotmail.com>
Date:   Wed May 25 17:20:00 2022 +0800

    asdf

commit 999730c5e3f2bcf8ba6d90d6f97a7bcdb1502cf5
Author: Max Qiu <maxqqqq@hotmail.com>
Date:   Wed May 25 17:18:40 2022 +0800

    Set theme jekyll-theme-cayman

commit cc54434aa4642e49f06faf51f92784f473ddb53e
Author: qqiumax <maxqqqq@hotmail.com>
Date:   Wed May 25 14:00:10 2022 +0800

    asdf

commit 115768e7da7ba4b4c781f433348769c0af54a1c7
Author: maxqqqq <maxqqqq@hotmail.com>
Date:   Wed May 25 13:14:43 2022 +0800

    adf

commit 03918bf0f7e0fb837d9fa117fdb356d85dacf74e
Author: Max Qiu <maxqqqq@hotmail.com>
Date:   Wed May 25 13:13:17 2022 +0800

    Set theme jekyll-theme-cayman

commit 26422512f86910dc21d39e598626ef0745d04aa6
Author: maxqqqq <maxqqqq@hotmail.com>
Date:   Wed May 25 13:10:27 2022 +0800

    reinit

commit 281afda87d746ba41f5569194c893dbd24f6a1d2
Author: maxqqqq <maxqqqq@hotmail.com>
Date:   Wed May 25 13:08:40 2022 +0800

    reinit

commit f80d207dbf976f41dd990246b938dd5e962c0502
Author: Max Qiu <maxqqqq@hotmail.com>
Date:   Wed May 25 12:59:07 2022 +0800

    Initial commit
